[   32209ms] [ERROR] Failed to load resource: the server responded with a status of 500 (Internal Server Error) @ http://localhost:3000/:0
[   88202ms] [ERROR] %c%s%c Only plain objects can be passed to Client Components from Server Components. Classes or other objects with methods are not supported.%s background: #e6e6e6;background: light-dark(rgba(0,0,0,0.1), rgba(255,255,255,0.25));color: #000000;color: light-dark(#000000, #ffffff);border-radius: 2px  Server   
  <... job={{id: ..., resume_id: ..., url: ..., company: ..., role: ..., jd_raw: ..., jd_text: ..., status: ..., created_at: ..., updated_at: ...}} resume=... existingTailored=...>
           ^^^^^^^^^^^^^^^^^^^^^^^^^^^^^^^^^^^^^^^^^^^^^^^^^^^^^^^^^^^^^^^^^^^^^^^^^^^^^^^^^^^^^^^^^^^^^^^^^^^^^^^^^^^^^^^^^^^^^^^^^^^^^^^^^^^^^^^^ @ http://localhost:3000/_next/static/chunks/72dc8_next_dist_9db56268._.js:3127
[   88202ms] [ERROR] %c%s%c Only plain objects can be passed to Client Components from Server Components. Classes or other objects with methods are not supported.%s background: #e6e6e6;background: light-dark(rgba(0,0,0,0.1), rgba(255,255,255,0.25));color: #000000;color: light-dark(#000000, #ffffff);border-radius: 2px  Server   
  <... job={{...}} resume={{id: ..., name: "as", source: ..., created_at: ..., updated_at: ...}} existingTailored=...>
                          ^^^^^^^^^^^^^^^^^^^^^^^^^^^^^^^^^^^^^^^^^^^^^^^^^^^^^^^^^^^^^^^^^^^^^^ @ http://localhost:3000/_next/static/chunks/72dc8_next_dist_9db56268._.js:3127
[   88310ms] [ERROR] %c%s%c Only plain objects can be passed to Client Components from Server Components. Classes or other objects with methods are not supported.%s background: #e6e6e6;background: light-dark(rgba(0,0,0,0.1), rgba(255,255,255,0.25));color: #000000;color: light-dark(#000000, #ffffff);border-radius: 2px  Server   
  <... job={{id: ..., resume_id: ..., url: ..., company: ..., role: ..., jd_raw: ..., jd_text: ..., status: ..., created_at: ..., updated_at: ...}} resume=... existingTailored=...>
           ^^^^^^^^^^^^^^^^^^^^^^^^^^^^^^^^^^^^^^^^^^^^^^^^^^^^^^^^^^^^^^^^^^^^^^^^^^^^^^^^^^^^^^^^^^^^^^^^^^^^^^^^^^^^^^^^^^^^^^^^^^^^^^^^^^^^^^^^ @ http://localhost:3000/_next/static/chunks/72dc8_next_dist_9db56268._.js:3127
[   88310ms] [ERROR] %c%s%c Only plain objects can be passed to Client Components from Server Components. Classes or other objects with methods are not supported.%s background: #e6e6e6;background: light-dark(rgba(0,0,0,0.1), rgba(255,255,255,0.25));color: #000000;color: light-dark(#000000, #ffffff);border-radius: 2px  Server   
  <... job={{...}} resume={{id: ..., name: "as", source: ..., created_at: ..., updated_at: ...}} existingTailored=...>
                          ^^^^^^^^^^^^^^^^^^^^^^^^^^^^^^^^^^^^^^^^^^^^^^^^^^^^^^^^^^^^^^^^^^^^^^ @ http://localhost:3000/_next/static/chunks/72dc8_next_dist_9db56268._.js:3127
[  150603ms] [ERROR] %c%s%c Only plain objects can be passed to Client Components from Server Components. Classes or other objects with methods are not supported.%s background: #e6e6e6;background: light-dark(rgba(0,0,0,0.1), rgba(255,255,255,0.25));color: #000000;color: light-dark(#000000, #ffffff);border-radius: 2px  Server   
  <... job={{id: ..., resume_id: ..., url: ..., company: ..., role: ..., jd_raw: ..., jd_text: ..., status: ..., created_at: ..., updated_at: ...}} resume=... existingTailored=...>
           ^^^^^^^^^^^^^^^^^^^^^^^^^^^^^^^^^^^^^^^^^^^^^^^^^^^^^^^^^^^^^^^^^^^^^^^^^^^^^^^^^^^^^^^^^^^^^^^^^^^^^^^^^^^^^^^^^^^^^^^^^^^^^^^^^^^^^^^^ @ http://localhost:3000/_next/static/chunks/72dc8_next_dist_9db56268._.js:3127
[  150604ms] [ERROR] %c%s%c Only plain objects can be passed to Client Components from Server Components. Classes or other objects with methods are not supported.%s background: #e6e6e6;background: light-dark(rgba(0,0,0,0.1), rgba(255,255,255,0.25));color: #000000;color: light-dark(#000000, #ffffff);border-radius: 2px  Server   
  <... job={{...}} resume={{id: ..., name: "as", source: ..., created_at: ..., updated_at: ...}} existingTailored=...>
                          ^^^^^^^^^^^^^^^^^^^^^^^^^^^^^^^^^^^^^^^^^^^^^^^^^^^^^^^^^^^^^^^^^^^^^^ @ http://localhost:3000/_next/static/chunks/72dc8_next_dist_9db56268._.js:3127
[  150604ms] [ERROR] %c%s%c Only plain objects can be passed to Client Components from Server Components. Classes or other objects with methods are not supported.%s background: #e6e6e6;background: light-dark(rgba(0,0,0,0.1), rgba(255,255,255,0.25));color: #000000;color: light-dark(#000000, #ffffff);border-radius: 2px  Server   
  [{id: ..., job_id: ..., resume_id: ..., source: ..., accepted: ..., created_at: ..., updated_at: ...}]
   ^^^^^^^^^^^^^^^^^^^^^^^^^^^^^^^^^^^^^^^^^^^^^^^^^^^^^^^^^^^^^^^^^^^^^^^^^^^^^^^^^^^^^^^^^^^^^^^^^^^^ @ http://localhost:3000/_next/static/chunks/72dc8_next_dist_9db56268._.js:3127
